This file contains any messages produced by compilers while
running configure, to aid debugging if configure makes a mistake.

configure:607: checking host system type
configure:628: checking target system type
configure:646: checking build system type
configure:681: checking for a BSD compatible install
configure:734: checking whether build environment is sane
configure:791: checking whether make sets ${MAKE}
configure:837: checking for working aclocal
configure:850: checking for working autoconf
configure:863: checking for working automake
configure:876: checking for working autoheader
configure:889: checking for working makeinfo
configure:975: checking for ranlib
configure:1005: checking for gcc
configure:1118: checking whether the C compiler (gcc -g -O2 -W -Wall ) works
configure:1134: gcc -o conftest -g -O2 -W -Wall   conftest.c  1>&5
configure:1131:1: warning: return type defaults to 'int' [-Wimplicit-int]
 1131 | main(){return(0);}
      | ^~~~
configure:1160: checking whether the C compiler (gcc -g -O2 -W -Wall ) is a cross-compiler
configure:1165: checking whether we are using GNU C
configure:1193: checking whether gcc accepts -g
configure:1236: checking for ld used by GCC
configure:1299: checking if the linker (/usr/bin/ld) is GNU ld
configure:1315: checking for BSD-compatible nm
configure:1353: checking command to parse /usr/bin/nm -B output
configure:1518: checking for _ prefix in compiled symbols
configure:1556: checking whether ln -s works
ltconfig:586: checking for object suffix
ltconfig:587: gcc -c -g -O2 -W -Wall  conftest.c 1>&5
ltconfig:717: checking if gcc PIC flag -fPIC works
ltconfig:718: gcc -c -g -O2 -W -Wall -fPIC -DPIC  conftest.c 1>&5
ltconfig:760: checking if gcc supports -c -o file.o
ltconfig:761: gcc -c -g -O2 -W -Wall -c -o conftest2.o  conftest.c 1>&5
ltconfig:788: checking if gcc supports -c -o file.lo
ltconfig:789: gcc -c -g -O2 -W -Wall -c -o conftest.lo  conftest.c 1>&5
ltconfig:840: checking if gcc supports -fno-rtti -fno-exceptions
ltconfig:841: gcc -c -g -O2 -W -Wall -fno-rtti -fno-exceptions -c conftest.c  conftest.c 1>&5
ltconfig:884: checking if gcc static flag -static works
ltconfig:885: gcc -o conftest -g -O2 -W -Wall   -static conftest.c  1>&5
conftest.c:1:1: warning: return type defaults to 'int' [-Wimplicit-int]
    1 | main(){return(0);}
      | ^~~~
GNU ld (GNU Binutils for Ubuntu) 2.34
ltconfig:1447: checking if global_symbol_pipe works
ltconfig:1448: gcc -c -g -O2 -W -Wall  conftest.c 1>&5
conftest.c:9:1: warning: return type defaults to 'int' [-Wimplicit-int]
    9 | main(){nm_test_var='a';nm_test_func();return(0);}
      | ^~~~
ltconfig:1451: eval "/usr/bin/nm -B conftest.o | sed -n -e 's/^.*[ 	]\([ABCDGISTW]\)[ 	][ 	]*\(\)\([_A-Za-z][_A-Za-z0-9]*\)$/  /p' > conftest.nm"
ltconfig:1503: gcc -o conftest -g -O2 -W -Wall -fno-builtin   conftest.c conftestm.o 1>&5
conftest.c:6:13: warning: 'main' is usually a function [-Wmain]
    6 | extern char main;
      |             ^~~~
configure:2701: checking for gcc
configure:2814: checking whether the C compiler (gcc -g -O2 -W -Wall ) works
configure:2830: gcc -o conftest -g -O2 -W -Wall   conftest.c  1>&5
configure:2827:1: warning: return type defaults to 'int' [-Wimplicit-int]
 2827 | main(){return(0);}
      | ^~~~
configure:2856: checking whether the C compiler (gcc -g -O2 -W -Wall ) is a cross-compiler
configure:2861: checking whether we are using GNU C
configure:2889: checking whether gcc accepts -g
configure:2926: checking for bison
configure:2926: checking for byacc
configure:2957: checking how to run the C preprocessor
configure:3042: checking for flex
configure:3075: checking for flex
configure:3109: checking for yywrap in -lfl
configure:3151: checking lex output file root
configure:3172: checking whether yytext is a pointer
configure:3215: checking for POSIXized ISC
configure:3236: checking for ANSI C header files
configure:3340: checking for working const
configure:3415: checking for inline
configure:3455: checking for off_t
configure:3488: checking for size_t
configure:3523: checking for working alloca.h
configure:3556: checking for alloca
configure:3758: checking for unistd.h
configure:3797: checking for getpagesize
configure:3850: checking for working mmap
configure:4026: checking for argz.h
configure:4026: checking for limits.h
configure:4026: checking for locale.h
configure:4026: checking for nl_types.h
configure:4026: checking for malloc.h
configure:4026: checking for string.h
configure:4026: checking for unistd.h
configure:4026: checking for values.h
configure:4026: checking for sys/param.h
configure:4066: checking for getcwd
configure:4066: checking for munmap
configure:4066: checking for putenv
configure:4066: checking for setenv
configure:4066: checking for setlocale
configure:4066: checking for strchr
configure:4066: checking for strcasecmp
configure:4066: checking for __argz_count
configure:4066: checking for __argz_stringify
configure:4066: checking for __argz_next
configure:4185: checking for LC_MESSAGES
configure:4218: checking whether NLS is requested
configure:4238: checking whether included gettext is requested
configure:4257: checking for libintl.h
configure:4284: checking for gettext in libc
configure:4387: checking for msgfmt
configure:4584: checking for msgfmt
configure:4618: checking for gmsgfmt
configure:4654: checking for xgettext
configure:4845: checking whether to enable maintainer-specific portions of Makefiles
configure:4868: checking for Cygwin environment
configure:4901: checking for mingw32 environment
configure:4932: checking for executable suffix
configure:4967: checking for string.h
configure:4967: checking for stdlib.h
configure:4967: checking for memory.h
configure:4967: checking for strings.h
configure:4967: checking for unistd.h
configure:4967: checking for stdarg.h
configure:4967: checking for varargs.h
configure:4967: checking for errno.h
configure:4967: checking for sys/types.h
configure:5007: checking whether compiling a cross-assembler
configure:5022: checking for working alloca.h
configure:5055: checking for alloca
configure:5254: checking for inline
configure:5298: checking for unlink
configure:5355: checking for sbrk
configure:5412: checking for working assert macro
configure:5474: checking whether declaration is required for strstr
configure:5511: checking whether declaration is required for malloc
configure:5548: checking whether declaration is required for free
configure:5585: checking whether declaration is required for sbrk
configure:5622: checking whether declaration is required for environ
configure:5662: checking whether declaration is required for errno
